{"level":"INFO","time":"2023-02-05T23:58:58.315+0800","caller":"logger/logger.go:67","msg":"/hello","status":200,"method":"GET","path":"/hello","query":"","ip":"::1","user-agent":"Mozilla/5.0 (Macintosh; Intel Mac OS X 10_15_7) AppleWebKit/537.36 (KHTML, like Gecko) Chrome/109.0.0.0 Safari/537.36","errors":"","cost":0.000042209}
{"level":"INFO","time":"2023-02-05T23:58:58.348+0800","caller":"logger/logger.go:67","msg":"/favicon.ico","status":404,"method":"GET","path":"/favicon.ico","query":"","ip":"::1","user-agent":"Mozilla/5.0 (Macintosh; Intel Mac OS X 10_15_7) AppleWebKit/537.36 (KHTML, like Gecko) Chrome/109.0.0.0 Safari/537.36","errors":"","cost":0.000000625}
{"level":"ERROR","time":"2023-02-06T11:37:26.447+0800","caller":"mysql/mysql.go:28","msg":"sql connect failed","error":"Error 1045 (28000): Access denied for user 'leeseika1'@'localhost' (using password: YES)"}
{"level":"INFO","time":"2023-02-07T14:20:08.187+0800","caller":"logger/logger.go:67","msg":"/signup","status":200,"method":"POST","path":"/signup","query":"","ip":"::1","user-agent":"PostmanRuntime/7.30.1","errors":"","cost":0.028176875}
{"level":"INFO","time":"2023-02-07T14:22:43.426+0800","caller":"logger/logger.go:77","msg":"/signup","status":200,"method":"POST","path":"/signup","query":"","ip":"::1","user-agent":"PostmanRuntime/7.30.1","errors":"","cost":0.001486416}
{"level":"INFO","time":"2023-02-07T14:23:52.481+0800","caller":"logger/logger.go:77","msg":"/signup","status":200,"method":"POST","path":"/signup","query":"","ip":"::1","user-agent":"PostmanRuntime/7.30.1","errors":"","cost":0.021995042}
{"level":"INFO","time":"2023-02-07T14:24:29.853+0800","caller":"logger/logger.go:77","msg":"/signup","status":200,"method":"POST","path":"/signup","query":"","ip":"::1","user-agent":"PostmanRuntime/7.30.1","errors":"","cost":0.013748291}
{"level":"INFO","time":"2023-02-07T14:27:42.052+0800","caller":"logger/logger.go:77","msg":"/signup","status":200,"method":"POST","path":"/signup","query":"","ip":"::1","user-agent":"PostmanRuntime/7.30.1","errors":"","cost":0.002637375}
{"level":"ERROR","time":"2023-02-07T14:28:09.681+0800","caller":"controllers/user.go:15","msg":"Sign up with invalid param","error":"Key: 'ParamSignUp.re_password' Error:Field validation for 're_password' failed on the 'eqfield' tag\nKey: 'ParamSignUp.re_password' Error:Field validation for 're_password' failed on the 'eqfield' tag"}
{"level":"INFO","time":"2023-02-07T14:28:09.683+0800","caller":"logger/logger.go:77","msg":"/signup","status":200,"method":"POST","path":"/signup","query":"","ip":"::1","user-agent":"PostmanRuntime/7.30.1","errors":"","cost":0.00193125}
{"level":"ERROR","time":"2023-02-07T14:29:08.855+0800","caller":"controllers/user.go:15","msg":"Sign up with invalid param","error":"Key: 'ParamSignUp.re_password' Error:Field validation for 're_password' failed on the 'eqfield' tag\nKey: 'ParamSignUp.re_password' Error:Field validation for 're_password' failed on the 'eqfield' tag"}
{"level":"INFO","time":"2023-02-07T14:29:08.856+0800","caller":"logger/logger.go:77","msg":"/signup","status":200,"method":"POST","path":"/signup","query":"","ip":"::1","user-agent":"PostmanRuntime/7.30.1","errors":"","cost":0.001281}
{"level":"INFO","time":"2023-02-07T14:29:26.812+0800","caller":"logger/logger.go:77","msg":"/signup","status":200,"method":"POST","path":"/signup","query":"","ip":"::1","user-agent":"PostmanRuntime/7.30.1","errors":"","cost":0.000903292}
{"level":"INFO","time":"2023-02-07T14:29:55.265+0800","caller":"logger/logger.go:77","msg":"/signup","status":200,"method":"POST","path":"/signup","query":"","ip":"::1","user-agent":"PostmanRuntime/7.30.1","errors":"","cost":0.005583875}
{"level":"ERROR","time":"2023-02-07T15:58:20.247+0800","caller":"controllers/user.go:45","msg":"Log in with invalid params","error":"invalid character '}' looking for beginning of object key string"}
{"level":"INFO","time":"2023-02-07T15:58:20.248+0800","caller":"logger/logger.go:77","msg":"/login","status":200,"method":"POST","path":"/login","query":"","ip":"::1","user-agent":"PostmanRuntime/7.30.1","errors":"","cost":0.001766833}
{"level":"ERROR","time":"2023-02-07T15:58:24.329+0800","caller":"controllers/user.go:61","msg":"Log in failed","error":"sql: expected 2 destination arguments in Scan, not 1"}
{"level":"INFO","time":"2023-02-07T15:58:24.329+0800","caller":"logger/logger.go:77","msg":"/login","status":200,"method":"POST","path":"/login","query":"","ip":"::1","user-agent":"PostmanRuntime/7.30.1","errors":"","cost":0.001958417}
{"level":"INFO","time":"2023-02-07T16:00:50.395+0800","caller":"logger/logger.go:77","msg":"/login","status":200,"method":"POST","path":"/login","query":"","ip":"::1","user-agent":"PostmanRuntime/7.30.1","errors":"","cost":0.002428959}
{"level":"ERROR","time":"2023-02-07T16:02:24.751+0800","caller":"controllers/user.go:61","msg":"Log in failed","error":"user doesn't exist"}
{"level":"INFO","time":"2023-02-07T16:02:24.752+0800","caller":"logger/logger.go:77","msg":"/login","status":500,"method":"POST","path":"/login","query":"","ip":"::1","user-agent":"PostmanRuntime/7.30.1","errors":"","cost":0.003634959}
{"level":"ERROR","time":"2023-02-07T19:27:15.781+0800","caller":"controllers/user.go:55","msg":"Log in failed","username":"test_signup0","error":"user not found"}
{"level":"INFO","time":"2023-02-07T19:27:15.782+0800","caller":"logger/logger.go:77","msg":"/login","status":200,"method":"POST","path":"/login","query":"","ip":"::1","user-agent":"PostmanRuntime/7.30.1","errors":"","cost":0.002629625}
{"level":"ERROR","time":"2023-02-07T19:29:17.513+0800","caller":"controllers/user.go:55","msg":"Log in failed","username":"test_signup0","error":"user not found"}
{"level":"INFO","time":"2023-02-07T19:29:17.514+0800","caller":"logger/logger.go:77","msg":"/login","status":200,"method":"POST","path":"/login","query":"","ip":"::1","user-agent":"PostmanRuntime/7.30.1","errors":"","cost":0.001935625}
{"level":"ERROR","time":"2023-02-07T19:29:56.788+0800","caller":"controllers/user.go:55","msg":"Log in failed","username":"test_signup0","error":"user not found"}
{"level":"INFO","time":"2023-02-07T19:30:34.701+0800","caller":"logger/logger.go:77","msg":"/login","status":200,"method":"POST","path":"/login","query":"","ip":"::1","user-agent":"PostmanRuntime/7.30.1","errors":"","cost":37.917406042}
{"level":"ERROR","time":"2023-02-07T19:31:39.700+0800","caller":"controllers/user.go:55","msg":"Log in failed","username":"test_signup0","error":"user not found"}
{"level":"INFO","time":"2023-02-07T19:31:39.702+0800","caller":"logger/logger.go:77","msg":"/login","status":200,"method":"POST","path":"/login","query":"","ip":"::1","user-agent":"PostmanRuntime/7.30.1","errors":"","cost":0.011430458}
{"level":"ERROR","time":"2023-02-08T01:43:37.416+0800","caller":"controllers/user.go:57","msg":"Log in failed","username":"test_signup0","error":"scannable dest type ptr with >1 columns (3) in result"}
{"level":"INFO","time":"2023-02-08T01:43:37.418+0800","caller":"logger/logger.go:77","msg":"/login","status":200,"method":"POST","path":"/login","query":"","ip":"::1","user-agent":"PostmanRuntime/7.30.1","errors":"","cost":0.003308708}
{"level":"ERROR","time":"2023-02-08T01:44:17.674+0800","caller":"controllers/user.go:57","msg":"Log in failed","username":"test_signup0","error":"scannable dest type ptr with >1 columns (3) in result"}
{"level":"INFO","time":"2023-02-08T01:44:17.675+0800","caller":"logger/logger.go:77","msg":"/login","status":200,"method":"POST","path":"/login","query":"","ip":"::1","user-agent":"PostmanRuntime/7.30.1","errors":"","cost":0.002355792}
{"level":"ERROR","time":"2023-02-08T01:45:02.282+0800","caller":"controllers/user.go:57","msg":"Log in failed","username":"test_signup0","error":"user not found"}
{"level":"INFO","time":"2023-02-08T01:45:02.283+0800","caller":"logger/logger.go:77","msg":"/login","status":200,"method":"POST","path":"/login","query":"","ip":"::1","user-agent":"PostmanRuntime/7.30.1","errors":"","cost":0.002172959}
{"level":"INFO","time":"2023-02-08T01:45:15.203+0800","caller":"logger/logger.go:77","msg":"/singup","status":404,"method":"POST","path":"/singup","query":"","ip":"::1","user-agent":"PostmanRuntime/7.30.1","errors":"","cost":0.0000005}
{"level":"ERROR","time":"2023-02-08T01:45:22.225+0800","caller":"controllers/user.go:17","msg":"Sign up with invalid param","error":"Key: 'ParamSignUp.re_password' Error:Field validation for 're_password' failed on the 'required' tag\nKey: 'ParamSignUp.re_password' Error:Field validation for 're_password' failed on the 'eqfield' tag"}
{"level":"INFO","time":"2023-02-08T01:45:22.225+0800","caller":"logger/logger.go:77","msg":"/signup","status":200,"method":"POST","path":"/signup","query":"","ip":"::1","user-agent":"PostmanRuntime/7.30.1","errors":"","cost":0.0002105}
{"level":"INFO","time":"2023-02-08T01:45:45.280+0800","caller":"logger/logger.go:77","msg":"/signup","status":200,"method":"POST","path":"/signup","query":"","ip":"::1","user-agent":"PostmanRuntime/7.30.1","errors":"","cost":0.004696125}
{"level":"INFO","time":"2023-02-08T01:46:25.629+0800","caller":"logger/logger.go:77","msg":"/login","status":200,"method":"POST","path":"/login","query":"","ip":"::1","user-agent":"PostmanRuntime/7.30.1","errors":"","cost":0.000734042}
{"level":"INFO","time":"2023-02-08T02:06:49.318+0800","caller":"logger/logger.go:77","msg":"/ping","status":404,"method":"POST","path":"/ping","query":"","ip":"::1","user-agent":"PostmanRuntime/7.30.1","errors":"","cost":0.000126584}
{"level":"INFO","time":"2023-02-08T02:07:02.020+0800","caller":"logger/logger.go:77","msg":"/ping","status":200,"method":"GET","path":"/ping","query":"","ip":"::1","user-agent":"PostmanRuntime/7.30.1","errors":"","cost":0.000039209}
{"level":"INFO","time":"2023-02-08T02:07:13.056+0800","caller":"logger/logger.go:77","msg":"/login","status":200,"method":"POST","path":"/login","query":"","ip":"::1","user-agent":"PostmanRuntime/7.30.1","errors":"","cost":0.001507625}
{"level":"INFO","time":"2023-02-08T02:07:57.687+0800","caller":"logger/logger.go:77","msg":"/ping","status":200,"method":"GET","path":"/ping","query":"","ip":"::1","user-agent":"PostmanRuntime/7.30.1","errors":"","cost":0.000125459}
{"level":"INFO","time":"2023-02-08T02:42:31.436+0800","caller":"logger/logger.go:77","msg":"/ping","status":200,"method":"GET","path":"/ping","query":"","ip":"::1","user-agent":"PostmanRuntime/7.30.1","errors":"","cost":0.000783333}
{"level":"INFO","time":"2023-02-08T02:42:39.066+0800","caller":"logger/logger.go:77","msg":"/ping","status":200,"method":"GET","path":"/ping","query":"","ip":"::1","user-agent":"PostmanRuntime/7.30.1","errors":"","cost":0.00008775}
{"level":"INFO","time":"2023-02-08T02:42:44.066+0800","caller":"logger/logger.go:77","msg":"/ping","status":200,"method":"GET","path":"/ping","query":"","ip":"::1","user-agent":"PostmanRuntime/7.30.1","errors":"","cost":0.00012}
{"level":"INFO","time":"2023-02-09T12:29:41.457+0800","caller":"logger/logger.go:77","msg":"/ping","status":404,"method":"GET","path":"/ping","query":"","ip":"::1","user-agent":"PostmanRuntime/7.30.1","errors":"","cost":0.000106792}
{"level":"INFO","time":"2023-02-09T12:29:48.591+0800","caller":"logger/logger.go:77","msg":"/hello","status":200,"method":"GET","path":"/hello","query":"","ip":"::1","user-agent":"PostmanRuntime/7.30.1","errors":"","cost":0.000007375}
{"level":"INFO","time":"2023-02-09T12:29:57.567+0800","caller":"logger/logger.go:77","msg":"/api/v1/login","status":404,"method":"GET","path":"/api/v1/login","query":"","ip":"::1","user-agent":"PostmanRuntime/7.30.1","errors":"","cost":0.000022042}
{"level":"INFO","time":"2023-02-09T12:30:09.709+0800","caller":"logger/logger.go:77","msg":"/api/v1/ping","status":200,"method":"GET","path":"/api/v1/ping","query":"","ip":"::1","user-agent":"PostmanRuntime/7.30.1","errors":"","cost":0.000177042}
{"level":"INFO","time":"2023-02-09T12:33:01.810+0800","caller":"logger/logger.go:77","msg":"/login","status":404,"method":"POST","path":"/login","query":"","ip":"::1","user-agent":"PostmanRuntime/7.30.1","errors":"","cost":0.000024125}
{"level":"INFO","time":"2023-02-09T12:33:07.973+0800","caller":"logger/logger.go:77","msg":"/api/v1/login","status":200,"method":"POST","path":"/api/v1/login","query":"","ip":"::1","user-agent":"PostmanRuntime/7.30.1","errors":"","cost":0.002928292}
{"level":"INFO","time":"2023-02-09T12:33:32.288+0800","caller":"logger/logger.go:77","msg":"/api/v1/community/list","status":200,"method":"GET","path":"/api/v1/community/list","query":"","ip":"::1","user-agent":"PostmanRuntime/7.30.1","errors":"","cost":0.001422125}
{"level":"ERROR","time":"2023-02-09T13:06:58.464+0800","caller":"mysql/mysql.go:28","msg":"sql connect failed","error":"Error 1049 (42000): Unknown database 'evergreen>'"}
{"level":"INFO","time":"2023-02-09T13:07:26.130+0800","caller":"logger/logger.go:77","msg":"/api/v1/community/list","status":200,"method":"GET","path":"/api/v1/community/list","query":"","ip":"::1","user-agent":"PostmanRuntime/7.30.1","errors":"","cost":0.00679525}
{"level":"INFO","time":"2023-02-09T13:07:30.279+0800","caller":"logger/logger.go:77","msg":"/api/v1/community/1","status":200,"method":"GET","path":"/api/v1/community/1","query":"","ip":"::1","user-agent":"PostmanRuntime/7.30.1","errors":"","cost":0.001271042}
{"level":"ERROR","time":"2023-02-09T13:11:47.375+0800","caller":"controller/community.go:32","msg":"get community detail error:","error":"invalid id"}
{"level":"INFO","time":"2023-02-09T13:11:47.375+0800","caller":"logger/logger.go:77","msg":"/api/v1/community/11","status":200,"method":"GET","path":"/api/v1/community/11","query":"","ip":"::1","user-agent":"PostmanRuntime/7.30.1","errors":"","cost":0.002453541}
{"level":"INFO","time":"2023-02-09T19:34:43.827+0800","caller":"logger/logger.go:77","msg":"/api/v1/login","status":200,"method":"POST","path":"/api/v1/login","query":"","ip":"::1","user-agent":"PostmanRuntime/7.30.1","errors":"","cost":0.002449333}
{"level":"ERROR","time":"2023-02-09T19:35:38.426+0800","caller":"controller/community.go:32","msg":"get community detail error:","error":"invalid id"}
{"level":"INFO","time":"2023-02-09T19:35:38.427+0800","caller":"logger/logger.go:77","msg":"/api/v1/community/11","status":200,"method":"GET","path":"/api/v1/community/11","query":"","ip":"::1","user-agent":"PostmanRuntime/7.30.1","errors":"","cost":0.002379958}
{"level":"INFO","time":"2023-02-09T19:35:43.360+0800","caller":"logger/logger.go:77","msg":"/api/v1/community/1","status":200,"method":"GET","path":"/api/v1/community/1","query":"","ip":"::1","user-agent":"PostmanRuntime/7.30.1","errors":"","cost":0.00122825}
{"level":"INFO","time":"2023-02-09T19:41:18.800+0800","caller":"logger/logger.go:77","msg":"/api/v1/post/create","status":404,"method":"GET","path":"/api/v1/post/create","query":"","ip":"::1","user-agent":"PostmanRuntime/7.30.1","errors":"","cost":0.000167083}
{"level":"INFO","time":"2023-02-09T19:41:51.785+0800","caller":"logger/logger.go:77","msg":"/api/v1/ping","status":200,"method":"GET","path":"/api/v1/ping","query":"","ip":"::1","user-agent":"PostmanRuntime/7.30.1","errors":"","cost":0.000035375}
{"level":"INFO","time":"2023-02-09T19:42:01.481+0800","caller":"logger/logger.go:77","msg":"/api/v1/ping","status":200,"method":"GET","path":"/api/v1/ping","query":"","ip":"::1","user-agent":"PostmanRuntime/7.30.1","errors":"","cost":0.00001775}
{"level":"INFO","time":"2023-02-09T19:42:06.313+0800","caller":"logger/logger.go:77","msg":"/api/v1/ping","status":200,"method":"GET","path":"/api/v1/ping","query":"","ip":"::1","user-agent":"PostmanRuntime/7.30.1","errors":"","cost":0.000015208}
{"level":"INFO","time":"2023-02-09T19:42:14.546+0800","caller":"logger/logger.go:77","msg":"/api/v1/community/list","status":200,"method":"GET","path":"/api/v1/community/list","query":"","ip":"::1","user-agent":"PostmanRuntime/7.30.1","errors":"","cost":0.000106042}
{"level":"INFO","time":"2023-02-09T19:42:22.347+0800","caller":"logger/logger.go:77","msg":"/api/v1/post/create","status":404,"method":"GET","path":"/api/v1/post/create","query":"","ip":"::1","user-agent":"PostmanRuntime/7.30.1","errors":"","cost":0.000017916}
{"level":"INFO","time":"2023-02-09T19:42:34.860+0800","caller":"logger/logger.go:77","msg":"/api/v1/post/create","status":200,"method":"POST","path":"/api/v1/post/create","query":"","ip":"::1","user-agent":"PostmanRuntime/7.30.1","errors":"","cost":0.000019584}
{"level":"ERROR","time":"2023-02-09T19:42:44.363+0800","caller":"controller/post.go:18","msg":"create post with invalid param","error":"invalid character 'â' looking for beginning of value"}
{"level":"INFO","time":"2023-02-09T19:42:44.363+0800","caller":"logger/logger.go:77","msg":"/api/v1/post/create","status":200,"method":"POST","path":"/api/v1/post/create","query":"","ip":"::1","user-agent":"PostmanRuntime/7.30.1","errors":"","cost":0.000276083}
{"level":"ERROR","time":"2023-02-09T19:43:04.838+0800","caller":"controller/post.go:18","msg":"create post with invalid param","error":"invalid character 'â' looking for beginning of value"}
{"level":"INFO","time":"2023-02-09T19:43:04.839+0800","caller":"logger/logger.go:77","msg":"/api/v1/post/create","status":200,"method":"POST","path":"/api/v1/post/create","query":"","ip":"::1","user-agent":"PostmanRuntime/7.30.1","errors":"","cost":0.001078417}
{"level":"ERROR","time":"2023-02-09T19:44:54.462+0800","caller":"controller/post.go:18","msg":"create post with invalid param","error":"invalid character 'â' looking for beginning of value"}
{"level":"INFO","time":"2023-02-09T19:44:54.463+0800","caller":"logger/logger.go:77","msg":"/api/v1/post/create","status":200,"method":"POST","path":"/api/v1/post/create","query":"","ip":"::1","user-agent":"PostmanRuntime/7.30.1","errors":"","cost":0.001242917}
{"level":"ERROR","time":"2023-02-09T19:45:28.864+0800","caller":"controller/post.go:18","msg":"create post with invalid param","error":"Key: 'Post.author_id' Error:Field validation for 'author_id' failed on the 'required' tag"}
{"level":"INFO","time":"2023-02-09T19:45:28.865+0800","caller":"logger/logger.go:77","msg":"/api/v1/post/create","status":200,"method":"POST","path":"/api/v1/post/create","query":"","ip":"::1","user-agent":"PostmanRuntime/7.30.1","errors":"","cost":0.001674916}
{"level":"ERROR","time":"2023-02-09T19:46:07.304+0800","caller":"controller/post.go:18","msg":"create post with invalid param","error":"Key: 'Post.author_id' Error:Field validation for 'author_id' failed on the 'required' tag"}
{"level":"INFO","time":"2023-02-09T19:46:07.305+0800","caller":"logger/logger.go:77","msg":"/api/v1/post/create","status":200,"method":"POST","path":"/api/v1/post/create","query":"","ip":"::1","user-agent":"PostmanRuntime/7.30.1","errors":"","cost":0.00091425}
{"level":"ERROR","time":"2023-02-09T19:47:07.060+0800","caller":"controller/post.go:39","msg":"create post error","error":"Error 1146 (42S02): Table 'evergreen.post' doesn't exist"}
{"level":"INFO","time":"2023-02-09T19:47:07.062+0800","caller":"logger/logger.go:77","msg":"/api/v1/post/create","status":200,"method":"POST","path":"/api/v1/post/create","query":"","ip":"::1","user-agent":"PostmanRuntime/7.30.1","errors":"","cost":0.006653583}
{"level":"INFO","time":"2023-02-09T19:47:53.513+0800","caller":"logger/logger.go:77","msg":"/api/v1/post/create","status":200,"method":"POST","path":"/api/v1/post/create","query":"","ip":"::1","user-agent":"PostmanRuntime/7.30.1","errors":"","cost":0.004527708}
{"level":"ERROR","time":"2023-02-09T20:29:58.299+0800","caller":"controller/post.go:57","msg":"get post detail error","error":"scannable dest type ptr with >1 columns (6) in result"}
{"level":"INFO","time":"2023-02-09T20:29:58.302+0800","caller":"logger/logger.go:77","msg":"/api/v1/post/14311273562902528","status":200,"method":"GET","path":"/api/v1/post/14311273562902528","query":"","ip":"::1","user-agent":"PostmanRuntime/7.30.1","errors":"","cost":0.004602583}
{"level":"ERROR","time":"2023-02-09T20:41:36.240+0800","caller":"controller/post.go:57","msg":"get post detail error","error":"scannable dest type ptr with >1 columns (6) in result"}
{"level":"INFO","time":"2023-02-09T20:41:36.243+0800","caller":"logger/logger.go:77","msg":"/api/v1/post/14311273562902528","status":200,"method":"GET","path":"/api/v1/post/14311273562902528","query":"","ip":"::1","user-agent":"PostmanRuntime/7.30.1","errors":"","cost":568.865834125}
{"level":"INFO","time":"2023-02-09T20:43:22.679+0800","caller":"logger/logger.go:77","msg":"/api/v1/post/14311273562902528","status":200,"method":"GET","path":"/api/v1/post/14311273562902528","query":"","ip":"::1","user-agent":"PostmanRuntime/7.30.1","errors":"","cost":0.0026095}
{"level":"INFO","time":"2023-02-09T21:50:36.722+0800","caller":"logger/logger.go:77","msg":"/api/v1/post/14311273562902528","status":200,"method":"GET","path":"/api/v1/post/14311273562902528","query":"","ip":"::1","user-agent":"PostmanRuntime/7.30.1","errors":"","cost":0.001041625}
{"level":"INFO","time":"2023-02-09T21:51:09.560+0800","caller":"logger/logger.go:77","msg":"/api/v1/login","status":200,"method":"POST","path":"/api/v1/login","query":"","ip":"::1","user-agent":"PostmanRuntime/7.30.1","errors":"","cost":0.001265208}
{"level":"ERROR","time":"2023-02-09T21:51:21.693+0800","caller":"controller/post.go:57","msg":"get post detail error","error":"Error 1054 (42S22): Unknown column 'user_id' in 'field list'"}
{"level":"INFO","time":"2023-02-09T21:51:21.693+0800","caller":"logger/logger.go:77","msg":"/api/v1/post/14311273562902528","status":200,"method":"GET","path":"/api/v1/post/14311273562902528","query":"","ip":"::1","user-agent":"PostmanRuntime/7.30.1","errors":"","cost":0.001813292}
{"level":"INFO","time":"2023-02-09T21:54:02.785+0800","caller":"logger/logger.go:77","msg":"/api/v1/post/14311273562902528","status":200,"method":"GET","path":"/api/v1/post/14311273562902528","query":"","ip":"::1","user-agent":"PostmanRuntime/7.30.1","errors":"","cost":0.006310334}
{"level":"INFO","time":"2023-02-09T21:56:41.083+0800","caller":"logger/logger.go:77","msg":"/api/v1/post/14311273562902528","status":200,"method":"GET","path":"/api/v1/post/14311273562902528","query":"","ip":"::1","user-agent":"PostmanRuntime/7.30.1","errors":"","cost":0.001564334}
{"level":"INFO","time":"2023-02-09T21:59:57.961+0800","caller":"logger/logger.go:77","msg":"/api/v1/post/14311273562902528","status":200,"method":"GET","path":"/api/v1/post/14311273562902528","query":"","ip":"::1","user-agent":"PostmanRuntime/7.30.1","errors":"","cost":0.003953292}
{"level":"INFO","time":"2023-02-09T22:28:27.232+0800","caller":"logger/logger.go:77","msg":"/api/v1/post/14311273562902528","status":200,"method":"GET","path":"/api/v1/post/14311273562902528","query":"","ip":"::1","user-agent":"PostmanRuntime/7.30.1","errors":"","cost":0.004862042}
{"level":"ERROR","time":"2023-02-09T22:28:32.839+0800","caller":"mysql/post.go:34","msg":"get post list error","error":"must pass a pointer, not a value, to StructScan destination"}
{"level":"ERROR","time":"2023-02-09T22:28:32.839+0800","caller":"controller/post.go:67","msg":"get post list error","error":"must pass a pointer, not a value, to StructScan destination"}
{"level":"INFO","time":"2023-02-09T22:28:32.839+0800","caller":"logger/logger.go:77","msg":"/api/v1/post/list","status":200,"method":"GET","path":"/api/v1/post/list","query":"","ip":"::1","user-agent":"PostmanRuntime/7.30.1","errors":"","cost":0.000665084}
{"level":"INFO","time":"2023-02-09T22:30:20.041+0800","caller":"logger/logger.go:77","msg":"/api/v1/post/list","status":200,"method":"GET","path":"/api/v1/post/list","query":"","ip":"::1","user-agent":"PostmanRuntime/7.30.1","errors":"","cost":0.002321875}
{"level":"INFO","time":"2023-02-09T22:30:51.948+0800","caller":"logger/logger.go:77","msg":"/api/v1/post/create","status":200,"method":"POST","path":"/api/v1/post/create","query":"","ip":"::1","user-agent":"PostmanRuntime/7.30.1","errors":"","cost":0.003572458}
{"level":"INFO","time":"2023-02-09T22:30:58.252+0800","caller":"logger/logger.go:77","msg":"/api/v1/post/create","status":200,"method":"POST","path":"/api/v1/post/create","query":"","ip":"::1","user-agent":"PostmanRuntime/7.30.1","errors":"","cost":0.000932209}
{"level":"INFO","time":"2023-02-09T22:31:04.018+0800","caller":"logger/logger.go:77","msg":"/api/v1/post/create","status":200,"method":"POST","path":"/api/v1/post/create","query":"","ip":"::1","user-agent":"PostmanRuntime/7.30.1","errors":"","cost":0.001955875}
{"level":"INFO","time":"2023-02-09T22:31:09.550+0800","caller":"logger/logger.go:77","msg":"/api/v1/post/list","status":200,"method":"GET","path":"/api/v1/post/list","query":"","ip":"::1","user-agent":"PostmanRuntime/7.30.1","errors":"","cost":0.000429583}
{"level":"INFO","time":"2023-02-09T22:40:30.763+0800","caller":"logger/logger.go:77","msg":"/api/v1/post/list","status":200,"method":"GET","path":"/api/v1/post/list","query":"","ip":"::1","user-agent":"PostmanRuntime/7.30.1","errors":"","cost":0.004774833}
{"level":"INFO","time":"2023-02-09T23:05:27.624+0800","caller":"logger/logger.go:77","msg":"/api/v1/post/list","status":200,"method":"GET","path":"/api/v1/post/list","query":"","ip":"::1","user-agent":"PostmanRuntime/7.30.1","errors":"","cost":0.007307541}
{"level":"INFO","time":"2023-02-09T23:06:56.664+0800","caller":"logger/logger.go:77","msg":"/api/v1/post/list","status":200,"method":"GET","path":"/api/v1/post/list","query":"page=1&size=1","ip":"::1","user-agent":"PostmanRuntime/7.30.1","errors":"","cost":0.00378275}
{"level":"INFO","time":"2023-02-09T23:09:15.385+0800","caller":"logger/logger.go:77","msg":"/api/v1/post/list","status":200,"method":"GET","path":"/api/v1/post/list","query":"page=1&size=1","ip":"::1","user-agent":"PostmanRuntime/7.30.1","errors":"","cost":0.005162875}
{"level":"INFO","time":"2023-02-11T18:11:32.423+0800","caller":"logger/logger.go:77","msg":"/api/v1/login","status":200,"method":"POST","path":"/api/v1/login","query":"","ip":"::1","user-agent":"PostmanRuntime/7.30.1","errors":"","cost":20.236153209}
{"level":"INFO","time":"2023-02-11T18:15:06.654+0800","caller":"logger/logger.go:77","msg":"/api/v1/login","status":200,"method":"POST","path":"/api/v1/login","query":"","ip":"::1","user-agent":"PostmanRuntime/7.30.1","errors":"","cost":12.816073417}
{"level":"INFO","time":"2023-02-11T19:23:29.298+0800","caller":"logger/logger.go:77","msg":"/api/v1/login","status":200,"method":"POST","path":"/api/v1/login","query":"","ip":"::1","user-agent":"PostmanRuntime/7.30.1","errors":"","cost":0.003032875}
{"level":"INFO","time":"2023-02-11T19:30:27.599+0800","caller":"logger/logger.go:77","msg":"/api/v1/login","status":200,"method":"POST","path":"/api/v1/login","query":"","ip":"::1","user-agent":"PostmanRuntime/7.30.1","errors":"","cost":9.011127083}
{"level":"INFO","time":"2023-02-11T19:36:49.208+0800","caller":"logger/logger.go:77","msg":"/api/v1/login","status":200,"method":"POST","path":"/api/v1/login","query":"","ip":"::1","user-agent":"PostmanRuntime/7.30.1","errors":"","cost":7.851358125}
